result Top 10 best hypercars 2023
Autocar
https://www.autocar.co.uk › Car news › Best cars
Top 10 best hypercars 2023 · 1. Aston Martin Valkyrie · 2. Pininfarina Battista · 3. Lotus Evija · 4. Bugatti Chiron · 5. McLaren Senna · 6. Ferrari LaFerrari.
element:  Top 10 best hypercars 2023
Autocar
https://www.autocar.co.uk › Car news › Best cars
hyperlink:  https://www.autocar.co.uk/car-news/best-cars/top-10-best-hypercars
result 
element:  
hyperlink:  https://www.jdpower.com/cars/shopping-guides/what-is-a-hypercar#:~:text=In%20terms%20of%20performance%2C%20hypercars,to%20300%20miles%20per%20hour.
result 
element:  
hyperlink:  https://www.ilusso.com/news/the-holy-trinity-of-hypercars/#:~:text=The%20Holy%20Trinity%20of%20hypercars%20is%20made%20up%20of%20the,and%20the%20Porsche%20918%20Spyder.
result 
element:  
hyperlink:  https://www.evo.co.uk/hypercars/20652/best-hypercars-2023
result 
element:  
hyperlink:  https://www.ferrarilakeforest.com/manufacturer-information/supercar-vs-hypercar/#:~:text=Performance%20Technology%3A%20A%20supercar%20is,superior%20insight%20into%20your%20vehicle.
result Hypercar
Wikipedia
https://en.wikipedia.org › wiki › Hypercar
Hypercar may refer to: Hypercar (concept car) · Hypercar (car classification), a high-performance supercar; Le Mans Hypercar ...
Le Mans · Hypercar (concept car) · Supercar
element:  Hypercar
Wikipedia
https://en.wikipedia.org › wiki › Hypercar
hyperlink:  https://en.wikipedia.org/wiki/Hypercar
result The 13 Most Highly Anticipated Hypercars & Supercars
Supercars.net
https://www.supercars.net › blog › most-anticipated-su...
Coming Soon: The 13 Most Highly Anticipated Hypercars & Supercars We Just Cannot Wait to Drive · Koenigsegg Jesko · Tesla Roadster · Pininfarina Battista.
element:  The 13 Most Highly Anticipated Hypercars & Supercars
Supercars.net
https://www.supercars.net › blog › most-anticipated-su...
hyperlink:  https://www.supercars.net/blog/most-anticipated-supercars/
result Best hypercars 2023
Evo
https://www.evo.co.uk › Hypercars
Best hypercars 2023 · Bugatti Chiron · Bugatti Veyron · Ferrari Enzo · Ferrari LaFerrari · Koenigsegg Agera RS · McLaren F1 · McLaren P1 · McLaren Senna ...
element:  Best hypercars 2023
Evo
https://www.evo.co.uk › Hypercars
hyperlink:  https://www.evo.co.uk/hypercars/20652/best-hypercars-2023
result Hypercars - Exotic Cars | Supercar Photos
Motor Trend
https://www.motortrend.com › supercars
If you're into supercars, the MotorTrend Supercar section has you covered with photos and reviews of the hottest supercars in the world, along with extensive ...
element:  Hypercars - Exotic Cars | Supercar Photos
Motor Trend
https://www.motortrend.com › supercars
hyperlink:  https://www.motortrend.com/supercars/
result Hypercar
New Atlas
https://newatlas.com › tag › hypercar
Hypercar. The rarified top echelon of the production automotive world. We choose to define hypercars as those machines making more than 1,000 horsepower, ...
element:  Hypercar
New Atlas
https://newatlas.com › tag › hypercar
hyperlink:  https://newatlas.com/tag/hypercar/
result What Is A Hypercar?
J.D. Power
https://www.jdpower.com › ... › Car Shopping Guides
Apr 24, 2023 — Hypercars are the most extreme automobiles ever made. They offer the most performance in acceleration, top speed, and handling.
element:  What Is A Hypercar?
J.D. Power
https://www.jdpower.com › ... › Car Shopping Guides
hyperlink:  https://www.jdpower.com/cars/shopping-guides/what-is-a-hypercar
result 13 electric hypercars we're looking forward to
Top Gear
https://www.topgear.com › car-news › 13-future-hype...
13 electric hypercars we're looking forward to · Tesla Roadster · Ariel P40 · Aspark Owl · Lotus Evija · Pininfarina Battista · Xing Mobility Miss R · Rimac ...
element:  13 electric hypercars we're looking forward to
Top Gear
https://www.topgear.com › car-news › 13-future-hype...
hyperlink:  https://www.topgear.com/car-news/electric/13-future-hypercars-electric-list
result Related search
Hypercar brands
View 3+ more
Koenigsegg Automotive AB
Aston Martin
McLaren Automotive
Bugatti
Ferrari S.p.A.
Lamborghini
Lotus Cars Limited
element:  View 3+ more
hyperlink:  https://www.google.com/search?sca_esv=583204077&q=hypercars&stick=H4sIAAAAAAAAAOOQMeLPqCxILUpOLFJIKkrMSymO4oQJFJ9i5NDP1TcwSakoP8XIDmJWliefYuQEsYxTynJzoQoM04pgTKP47BKYttySHKhiQ7PCbNNTjFwgdl5GRnpaBlSNqVFuxSlGXv10fUPDZLOKrIqkkrJfjPweqE5axIpw0y02SYYDVzKXPOBu_7D62c2OFWzduSJbD5aob9e4CQDlXLyizgAAAA&sa=X&ved=2ahUKEwj29aij-MmCAxUgh_0HHV4CApQQzTooAHoECCwQAQ
result Related search
Hypercar examples
View 1+ more
Mercedes-AMG Project One
LaFerrari
Porsche 918 Spyder
Aston Martin Valkyrie
McLaren P1
Pagani Huayra
Bugatti Chiron
Feedback
element:  View 1+ more
hyperlink:  https://www.google.com/search?sca_esv=583204077&q=hypercars&stick=H4sIAAAAAAAAAOOQMRLMqCxILUpOLFJIrUjMLchJLY7ihAkVn2Lk1U_XNzRMNqvIqkgqKTvFyKWfq29gmZ5rnpQO5SQlVWUZ58FVGhZYGuWmWEAl80yMjVMMoJx0y4riokqYyqTKYov0cuMiGD_N2NQiKc-4-BejoAe6kxaxItx0i02S4cCVzCXbFEyuciVO-KnvfEv9zSSz7anTop8DACX-uuPQAAAA&sa=X&ved=2ahUKEwj29aij-MmCAxUgh_0HHV4CApQQzTooAHoECCoQAQ
ERROR while trying to click Next. Moving on with life.

======[ Harvested Data From Search ]======
[{'element': 'Top 10 best hypercars 2023\nAutocar\nhttps://www.autocar.co.uk › Car news › Best cars', 'result': 'Top 10 best hypercars 2023\nAutocar\nhttps://www.autocar.co.uk › Car news › Best cars\nTop 10 best hypercars 2023 · 1. Aston Martin Valkyrie · 2. Pininfarina Battista · 3. Lotus Evija · 4. Bugatti Chiron · 5. McLaren Senna · 6. Ferrari LaFerrari.', 'hyperlink': 'https://www.autocar.co.uk/car-news/best-cars/top-10-best-hypercars'}, {'element': '', 'result': '', 'hyperlink': 'https://www.jdpower.com/cars/shopping-guides/what-is-a-hypercar#:~:text=In%20terms%20of%20performance%2C%20hypercars,to%20300%20miles%20per%20hour.'}, {'element': '', 'result': '', 'hyperlink': 'https://www.ilusso.com/news/the-holy-trinity-of-hypercars/#:~:text=The%20Holy%20Trinity%20of%20hypercars%20is%20made%20up%20of%20the,and%20the%20Porsche%20918%20Spyder.'}, {'element': '', 'result': '', 'hyperlink': 'https://www.evo.co.uk/hypercars/20652/best-hypercars-2023'}, {'element': '', 'result': '', 'hyperlink': 'https://www.ferrarilakeforest.com/manufacturer-information/supercar-vs-hypercar/#:~:text=Performance%20Technology%3A%20A%20supercar%20is,superior%20insight%20into%20your%20vehicle.'}, {'element': 'Hypercar\nWikipedia\nhttps://en.wikipedia.org › wiki › Hypercar', 'result': 'Hypercar\nWikipedia\nhttps://en.wikipedia.org › wiki › Hypercar\nHypercar may refer to: Hypercar (concept car) · Hypercar (car classification), a high-performance supercar; Le Mans Hypercar ...\nLe Mans · Hypercar (concept car) · Supercar', 'hyperlink': 'https://en.wikipedia.org/wiki/Hypercar'}, {'element': 'The 13 Most Highly Anticipated Hypercars & Supercars\nSupercars.net\nhttps://www.supercars.net › blog › most-anticipated-su...', 'result': 'The 13 Most Highly Anticipated Hypercars & Supercars\nSupercars.net\nhttps://www.supercars.net › blog › most-anticipated-su...\nComing Soon: The 13 Most Highly Anticipated Hypercars & Supercars We Just Cannot Wait to Drive · Koenigsegg Jesko · Tesla Roadster · Pininfarina Battista.', 'hyperlink': 'https://www.supercars.net/blog/most-anticipated-supercars/'}, {'element': 'Best hypercars 2023\nEvo\nhttps://www.evo.co.uk › Hypercars', 'result': 'Best hypercars 2023\nEvo\nhttps://www.evo.co.uk › Hypercars\nBest hypercars 2023 · Bugatti Chiron · Bugatti Veyron · Ferrari Enzo · Ferrari LaFerrari · Koenigsegg Agera RS · McLaren F1 · McLaren P1 · McLaren Senna ...', 'hyperlink': 'https://www.evo.co.uk/hypercars/20652/best-hypercars-2023'}, {'element': 'Hypercars - Exotic Cars | Supercar Photos\nMotor Trend\nhttps://www.motortrend.com › supercars', 'result': "Hypercars - Exotic Cars | Supercar Photos\nMotor Trend\nhttps://www.motortrend.com › supercars\nIf you're into supercars, the MotorTrend Supercar section has you covered with photos and reviews of the hottest supercars in the world, along with extensive ...", 'hyperlink': 'https://www.motortrend.com/supercars/'}, {'element': 'Hypercar\nNew Atlas\nhttps://newatlas.com › tag › hypercar', 'result': 'Hypercar\nNew Atlas\nhttps://newatlas.com › tag › hypercar\nHypercar. The rarified top echelon of the production automotive world. We choose to define hypercars as those machines making more than 1,000 horsepower, ...', 'hyperlink': 'https://newatlas.com/tag/hypercar/'}, {'element': 'What Is A Hypercar?\nJ.D. Power\nhttps://www.jdpower.com › ... › Car Shopping Guides', 'result': 'What Is A Hypercar?\nJ.D. Power\nhttps://www.jdpower.com › ... › Car Shopping Guides\nApr 24, 2023 — Hypercars are the most extreme automobiles ever made. They offer the most performance in acceleration, top speed, and handling.', 'hyperlink': 'https://www.jdpower.com/cars/shopping-guides/what-is-a-hypercar'}, {'element': "13 electric hypercars we're looking forward to\nTop Gear\nhttps://www.topgear.com › car-news › 13-future-hype...", 'result': "13 electric hypercars we're looking forward to\nTop Gear\nhttps://www.topgear.com › car-news › 13-future-hype...\n13 electric hypercars we're looking forward to · Tesla Roadster · Ariel P40 · Aspark Owl · Lotus Evija · Pininfarina Battista · Xing Mobility Miss R · Rimac ...", 'hyperlink': 'https://www.topgear.com/car-news/electric/13-future-hypercars-electric-list'}, {'element': 'View 3+ more', 'result': 'Related search\nHypercar brands\nView 3+ more\nKoenigsegg Automotive AB\nAston Martin\nMcLaren Automotive\nBugatti\nFerrari S.p.A.\nLamborghini\nLotus Cars Limited', 'hyperlink': 'https://www.google.com/search?sca_esv=583204077&q=hypercars&stick=H4sIAAAAAAAAAOOQMeLPqCxILUpOLFJIKkrMSymO4oQJFJ9i5NDP1TcwSakoP8XIDmJWliefYuQEsYxTynJzoQoM04pgTKP47BKYttySHKhiQ7PCbNNTjFwgdl5GRnpaBlSNqVFuxSlGXv10fUPDZLOKrIqkkrJfjPweqE5axIpw0y02SYYDVzKXPOBu_7D62c2OFWzduSJbD5aob9e4CQDlXLyizgAAAA&sa=X&ved=2ahUKEwj29aij-MmCAxUgh_0HHV4CApQQzTooAHoECCwQAQ'}, {'element': 'View 1+ more', 'result': 'Related search\nHypercar examples\nView 1+ more\nMercedes-AMG Project One\nLaFerrari\nPorsche 918 Spyder\nAston Martin Valkyrie\nMcLaren P1\nPagani Huayra\nBugatti Chiron\nFeedback', 'hyperlink': 'https://www.google.com/search?sca_esv=583204077&q=hypercars&stick=H4sIAAAAAAAAAOOQMRLMqCxILUpOLFJIrUjMLchJLY7ihAkVn2Lk1U_XNzRMNqvIqkgqKTvFyKWfq29gmZ5rnpQO5SQlVWUZ58FVGhZYGuWmWEAl80yMjVMMoJx0y4riokqYyqTKYov0cuMiGD_N2NQiKc-4-BejoAe6kxaxItx0i02S4cCVzCXbFEyuciVO-KnvfEv9zSSz7anTop8DACX-uuPQAAAA&sa=X&ved=2ahUKEwj29aij-MmCAxUgh_0HHV4CApQQzTooAHoECCoQAQ'}]
